<?xml version="1.0" encoding="UTF-8" ?>
<testsuite failures="0" time="0.029" errors="0" skipped="0" tests="1" name="de.tuberlin.dima.aim.AppTest">
  <properties>
    <property name="java.runtime.name" value="Java(TM) SE Runtime Environment"/>
    <property name="sun.boot.library.path" value="/home/isabel/install/jdk1.6.0_03/jre/lib/i386"/>
    <property name="java.vm.version" value="1.6.0_03-b05"/>
    <property name="java.vm.vendor" value="Sun Microsystems Inc."/>
    <property name="java.vendor.url" value="http://java.sun.com/"/>
    <property name="path.separator" value=":"/>
    <property name="java.vm.name" value="Java HotSpot(TM) Server VM"/>
    <property name="file.encoding.pkg" value="sun.io"/>
    <property name="user.country" value="US"/>
    <property name="sun.java.launcher" value="SUN_STANDARD"/>
    <property name="sun.os.patch.level" value="unknown"/>
    <property name="java.vm.specification.name" value="Java Virtual Machine Specification"/>
    <property name="user.dir" value="/home/isabel/projects/tu2011/aim3-tu-berlin/exercises/datamining/core"/>
    <property name="java.runtime.version" value="1.6.0_03-b05"/>
    <property name="java.awt.graphicsenv" value="sun.awt.X11GraphicsEnvironment"/>
    <property name="basedir" value="/home/isabel/projects/tu2011/aim3-tu-berlin/exercises/datamining/core"/>
    <property name="java.endorsed.dirs" value="/home/isabel/install/jdk1.6.0_03/jre/lib/endorsed"/>
    <property name="os.arch" value="i386"/>
    <property name="surefire.real.class.path" value="/tmp/surefirebooter54237.jar"/>
    <property name="java.io.tmpdir" value="/tmp"/>
    <property name="line.separator" value="
"/>
    <property name="java.vm.specification.vendor" value="Sun Microsystems Inc."/>
    <property name="os.name" value="Linux"/>
    <property name="sun.jnu.encoding" value="ISO-8859-1"/>
    <property name="java.library.path" value="/home/isabel/install/jdk1.6.0_03/jre/lib/i386/server:/home/isabel/install/jdk1.6.0_03/jre/lib/i386:/home/isabel/install/jdk1.6.0_03/jre/../lib/i386:/usr/lib64/mpi/gcc/openmpi/lib64:/usr/java/packages/lib/i386:/lib:/usr/lib"/>
    <property name="surefire.test.class.path" value="/home/isabel/projects/tu2011/aim3-tu-berlin/exercises/datamining/core/target/test-classes:/home/isabel/projects/tu2011/aim3-tu-berlin/exercises/datamining/core/target/classes:/usr/home/isabel/install/repository/junit/junit/4.8.1/junit-4.8.1.jar:"/>
    <property name="java.specification.name" value="Java Platform API Specification"/>
    <property name="java.class.version" value="50.0"/>
    <property name="sun.management.compiler" value="HotSpot Server Compiler"/>
    <property name="os.version" value="2.6.27.56-0.1-default"/>
    <property name="user.home" value="/neofonie/home/isabel"/>
    <property name="user.timezone" value=""/>
    <property name="java.awt.printerjob" value="sun.print.PSPrinterJob"/>
    <property name="file.encoding" value="ISO-8859-1"/>
    <property name="java.specification.version" value="1.6"/>
    <property name="user.name" value="isabel"/>
    <property name="java.class.path" value="/home/isabel/projects/tu2011/aim3-tu-berlin/exercises/datamining/core/target/test-classes:/home/isabel/projects/tu2011/aim3-tu-berlin/exercises/datamining/core/target/classes:/usr/home/isabel/install/repository/junit/junit/4.8.1/junit-4.8.1.jar:"/>
    <property name="java.vm.specification.version" value="1.0"/>
    <property name="sun.arch.data.model" value="32"/>
    <property name="java.home" value="/home/isabel/install/jdk1.6.0_03/jre"/>
    <property name="java.specification.vendor" value="Sun Microsystems Inc."/>
    <property name="user.language" value="en"/>
    <property name="java.vm.info" value="mixed mode"/>
    <property name="java.version" value="1.6.0_03"/>
    <property name="java.ext.dirs" value="/home/isabel/install/jdk1.6.0_03/jre/lib/ext:/usr/java/packages/lib/ext"/>
    <property name="sun.boot.class.path" value="/home/isabel/install/jdk1.6.0_03/jre/lib/resources.jar:/home/isabel/install/jdk1.6.0_03/jre/lib/rt.jar:/home/isabel/install/jdk1.6.0_03/jre/lib/sunrsasign.jar:/home/isabel/install/jdk1.6.0_03/jre/lib/jsse.jar:/home/isabel/install/jdk1.6.0_03/jre/lib/jce.jar:/home/isabel/install/jdk1.6.0_03/jre/lib/charsets.jar:/home/isabel/install/jdk1.6.0_03/jre/classes"/>
    <property name="java.vendor" value="Sun Microsystems Inc."/>
    <property name="localRepository" value="/usr/home/isabel/install/repository"/>
    <property name="file.separator" value="/"/>
    <property name="java.vendor.url.bug" value="http://java.sun.com/cgi-bin/bugreport.cgi"/>
    <property name="sun.cpu.endian" value="little"/>
    <property name="sun.io.unicode.encoding" value="UnicodeLittle"/>
    <property name="sun.cpu.isalist" value=""/>
  </properties>
  <testcase time="0.002" classname="de.tuberlin.dima.aim.AppTest" name="testApp"/>
</testsuite>